Started GET "/" for ::1 at 2026-03-26 17:01:36 -0300
  
ActiveRecord::ConnectionNotEstablished (connection to server on socket "/tmp/.s.PGSQL.5432" failed: No such file or directory
	Is the server running locally and accepting connections on that socket?
):
  
activerecord (7.1.6) lib/active_record/connection_adapters/postgresql_adapter.rb:80:in `rescue in new_client'
activerecord (7.1.6) lib/active_record/connection_adapters/postgresql_adapter.rb:68:in `new_client'
activerecord (7.1.6) lib/active_record/connection_adapters/postgresql_adapter.rb:980:in `connect'
activerecord (7.1.6) lib/active_record/connection_adapters/postgresql_adapter.rb:992:in `reconnect'
activerecord (7.1.6) lib/active_record/connection_adapters/abstract_adapter.rb:685:in `block in reconnect!'
activesupport (7.1.6) lib/active_support/concurrency/null_lock.rb:9:in `synchronize'
activerecord (7.1.6) lib/active_record/connection_adapters/abstract_adapter.rb:684:in `reconnect!'
activerecord (7.1.6) lib/active_record/connection_adapters/abstract_adapter.rb:786:in `block in verify!'
activesupport (7.1.6) lib/active_support/concurrency/null_lock.rb:9:in `synchronize'
activerecord (7.1.6) lib/active_record/connection_adapters/abstract_adapter.rb:777:in `verify!'
activerecord (7.1.6) lib/active_record/connection_adapters/abstract_adapter.rb:794:in `connect!'
activerecord (7.1.6) lib/active_record/connection_adapters/abstract_adapter.rb:1000:in `block in with_raw_connection'
activesupport (7.1.6) lib/active_support/concurrency/null_lock.rb:9:in `synchronize'
activerecord (7.1.6) lib/active_record/connection_adapters/abstract_adapter.rb:999:in `with_raw_connection'
activerecord (7.1.6) lib/active_record/connection_adapters/abstract_adapter.rb:1112:in `valid_raw_connection'
activerecord (7.1.6) lib/active_record/connection_adapters/postgresql_adapter.rb:616:in `get_database_version'
activerecord (7.1.6) lib/active_record/connection_adapters/schema_cache.rb:374:in `database_version'
activerecord (7.1.6) lib/active_record/connection_adapters/schema_cache.rb:70:in `database_version'
activerecord (7.1.6) lib/active_record/connection_adapters/schema_cache.rb:200:in `database_version'
activerecord (7.1.6) lib/active_record/connection_adapters/abstract_adapter.rb:870:in `database_version'
activerecord (7.1.6) lib/active_record/connection_adapters/postgresql_adapter.rb:644:in `check_version'
activerecord (7.1.6) lib/active_record/connection_adapters/abstract/connection_pool.rb:680:in `new_connection'
activerecord (7.1.6) lib/active_record/connection_adapters/abstract/connection_pool.rb:730:in `checkout_new_connection'
activerecord (7.1.6) lib/active_record/connection_adapters/abstract/connection_pool.rb:709:in `try_to_checkout_new_connection'
activerecord (7.1.6) lib/active_record/connection_adapters/abstract/connection_pool.rb:654:in `acquire_connection'
activerecord (7.1.6) lib/active_record/connection_adapters/abstract/connection_pool.rb:353:in `checkout'
activerecord (7.1.6) lib/active_record/connection_adapters/abstract/connection_pool.rb:182:in `connection'
activerecord (7.1.6) lib/active_record/migration/pending_migration_connection.rb:8:in `establish_temporary_connection'
activerecord (7.1.6) lib/active_record/migration.rb:774:in `block in pending_migrations'
activerecord (7.1.6) lib/active_record/migration.rb:773:in `each'
activerecord (7.1.6) lib/active_record/migration.rb:773:in `pending_migrations'
activerecord (7.1.6) lib/active_record/migration.rb:752:in `check_pending_migrations'
activerecord (7.1.6) lib/active_record/migration.rb:644:in `block (2 levels) in call'
activesupport (7.1.6) lib/active_support/file_update_checker.rb:85:in `execute'
activerecord (7.1.6) lib/active_record/migration.rb:649:in `block in call'
activerecord (7.1.6) lib/active_record/migration.rb:641:in `synchronize'
activerecord (7.1.6) lib/active_record/migration.rb:641:in `call'
actionpack (7.1.6) lib/action_dispatch/middleware/callbacks.rb:29:in `block in call'
activesupport (7.1.6) lib/active_support/callbacks.rb:101:in `run_callbacks'
actionpack (7.1.6) lib/action_dispatch/middleware/callbacks.rb:28:in `call'
actionpack (7.1.6) lib/action_dispatch/middleware/executor.rb:14:in `call'
actionpack (7.1.6) lib/action_dispatch/middleware/actionable_exceptions.rb:16:in `call'
actionpack (7.1.6) lib/action_dispatch/middleware/debug_exceptions.rb:29:in `call'
web-console (4.2.1) lib/web_console/middleware.rb:132:in `call_app'
web-console (4.2.1) lib/web_console/middleware.rb:28:in `block in call'
web-console (4.2.1) lib/web_console/middleware.rb:17:in `catch'
web-console (4.2.1) lib/web_console/middleware.rb:17:in `call'
actionpack (7.1.6) lib/action_dispatch/middleware/show_exceptions.rb:31:in `call'
railties (7.1.6) lib/rails/rack/logger.rb:37:in `call_app'
railties (7.1.6) lib/rails/rack/logger.rb:24:in `block in call'
activesupport (7.1.6) lib/active_support/tagged_logging.rb:139:in `block in tagged'
activesupport (7.1.6) lib/active_support/tagged_logging.rb:39:in `tagged'
activesupport (7.1.6) lib/active_support/tagged_logging.rb:139:in `tagged'
activesupport (7.1.6) lib/active_support/broadcast_logger.rb:241:in `method_missing'
railties (7.1.6) lib/rails/rack/logger.rb:24:in `call'
sprockets-rails (3.5.2) lib/sprockets/rails/quiet_assets.rb:17:in `call'
actionpack (7.1.6) lib/action_dispatch/middleware/remote_ip.rb:92:in `call'
actionpack (7.1.6) lib/action_dispatch/middleware/request_id.rb:28:in `call'
rack (3.2.5) lib/rack/method_override.rb:28:in `call'
rack (3.2.5) lib/rack/runtime.rb:24:in `call'
activesupport (7.1.6) lib/active_support/cache/strategy/local_cache_middleware.rb:29:in `call'
actionpack (7.1.6) lib/action_dispatch/middleware/server_timing.rb:59:in `block in call'
actionpack (7.1.6) lib/action_dispatch/middleware/server_timing.rb:24:in `collect_events'
actionpack (7.1.6) lib/action_dispatch/middleware/server_timing.rb:58:in `call'
actionpack (7.1.6) lib/action_dispatch/middleware/executor.rb:14:in `call'
actionpack (7.1.6) lib/action_dispatch/middleware/static.rb:25:in `call'
rack (3.2.5) lib/rack/sendfile.rb:131:in `call'
actionpack (7.1.6) lib/action_dispatch/middleware/host_authorization.rb:141:in `call'
railties (7.1.6) lib/rails/engine.rb:536:in `call'
puma (7.2.0) lib/puma/configuration.rb:296:in `call'
puma (7.2.0) lib/puma/request.rb:103:in `block in handle_request'
puma (7.2.0) lib/puma/thread_pool.rb:355:in `with_force_shutdown'
puma (7.2.0) lib/puma/request.rb:102:in `handle_request'
puma (7.2.0) lib/puma/server.rb:503:in `process_client'
puma (7.2.0) lib/puma/server.rb:262:in `block in run'
puma (7.2.0) lib/puma/thread_pool.rb:182:in `block in spawn_thread'
  [1m[35m (144.2ms)[0m  [1m[35mCREATE DATABASE "personal_page_development" ENCODING = 'unicode'[0m
  [1m[35m (64.7ms)[0m  [1m[35mCREATE DATABASE "personal_page_test" ENCODING = 'unicode'[0m
Started GET "/" for 127.0.0.1 at 2026-03-26 17:06:15 -0300
  [1m[35m (5.6ms)[0m  [1m[35mCREATE TABLE "schema_migrations" ("version" character varying NOT NULL PRIMARY KEY)[0m
  [1m[35m (2.7ms)[0m  [1m[35mCREATE TABLE "ar_internal_metadata" ("key" character varying NOT NULL PRIMARY KEY, "value" character varying, "created_at" timestamp(6) NOT NULL, "updated_at" timestamp(6) NOT NULL)[0m
  [1m[36mActiveRecord::SchemaMigration Load (0.9ms)[0m  [1m[34mSELECT "schema_migrations"."version" FROM "schema_migrations" ORDER BY "schema_migrations"."version" ASC[0m
Processing by Rails::WelcomeController#index as HTML
  Rendering /Users/conicampos/.rbenv/versions/3.3.0/lib/ruby/gems/3.3.0/gems/railties-7.1.6/lib/rails/templates/rails/welcome/index.html.erb
  Rendered /Users/conicampos/.rbenv/versions/3.3.0/lib/ruby/gems/3.3.0/gems/railties-7.1.6/lib/rails/templates/rails/welcome/index.html.erb (Duration: 0.4ms | Allocations: 378)
Completed 200 OK in 7ms (Views: 2.0ms | ActiveRecord: 0.0ms | Allocations: 4911)


Started GET "/" for 127.0.0.1 at 2026-03-26 17:13:53 -0300
  [1m[36mActiveRecord::SchemaMigration Load (0.7ms)[0m  [1m[34mSELECT "schema_migrations"."version" FROM "schema_migrations" ORDER BY "schema_migrations"."version" ASC[0m
Processing by AboutController#index as HTML
  Rendering layout layouts/application.html.erb
  Rendering about/index.html.erb within layouts/application
  Rendered about/index.html.erb within layouts/application (Duration: 0.9ms | Allocations: 245)
  Rendered layout layouts/application.html.erb (Duration: 797.1ms | Allocations: 103394)
Completed 200 OK in 810ms (Views: 801.2ms | ActiveRecord: 0.0ms | Allocations: 107496)


Started GET "/" for 127.0.0.1 at 2026-03-26 17:16:15 -0300
Processing by AboutController#index as HTML
  Rendering layout layouts/application.html.erb
  Rendering about/index.html.erb within layouts/application
  Rendered about/index.html.erb within layouts/application (Duration: 0.2ms | Allocations: 155)
  Rendered layout layouts/application.html.erb (Duration: 37.7ms | Allocations: 22559)
Completed 200 OK in 40ms (Views: 38.9ms | ActiveRecord: 0.0ms | Allocations: 23470)


Started GET "/" for 127.0.0.1 at 2026-03-26 17:16:18 -0300
Processing by AboutController#index as HTML
  Rendering layout layouts/application.html.erb
  Rendering about/index.html.erb within layouts/application
  Rendered about/index.html.erb within layouts/application (Duration: 0.0ms | Allocations: 7)
  Rendered layout layouts/application.html.erb (Duration: 2.9ms | Allocations: 1263)
Completed 200 OK in 4ms (Views: 3.3ms | ActiveRecord: 0.0ms | Allocations: 1500)


Started GET "/" for 127.0.0.1 at 2026-03-26 17:16:35 -0300
Processing by AboutController#index as HTML
  Rendering layout layouts/application.html.erb
  Rendering about/index.html.erb within layouts/application
  Rendered about/index.html.erb within layouts/application (Duration: 0.0ms | Allocations: 7)
  Rendered layout layouts/application.html.erb (Duration: 1.3ms | Allocations: 1267)
Completed 200 OK in 2ms (Views: 1.6ms | ActiveRecord: 0.0ms | Allocations: 1507)


Started GET "/" for 127.0.0.1 at 2026-03-26 17:20:06 -0300
Processing by AboutController#index as HTML
  Rendering layout layouts/application.html.erb
  Rendering about/index.html.erb within layouts/application
  Rendered about/index.html.erb within layouts/application (Duration: 0.2ms | Allocations: 154)
  Rendered layout layouts/application.html.erb (Duration: 10.6ms | Allocations: 20121)
Completed 200 OK in 13ms (Views: 11.9ms | ActiveRecord: 0.0ms | Allocations: 21030)


Started GET "/" for 127.0.0.1 at 2026-03-26 17:22:41 -0300
Processing by AboutController#index as HTML
  Rendering layout layouts/application.html.erb
  Rendering about/index.html.erb within layouts/application
  Rendered about/index.html.erb within layouts/application (Duration: 0.2ms | Allocations: 152)
  Rendered layout layouts/application.html.erb (Duration: 16.3ms | Allocations: 20123)
Completed 200 OK in 18ms (Views: 17.5ms | ActiveRecord: 0.0ms | Allocations: 21028)


Started GET "/" for 127.0.0.1 at 2026-03-26 17:25:47 -0300
Processing by AboutController#index as HTML
  Rendering layout layouts/application.html.erb
  Rendering about/index.html.erb within layouts/application
  Rendered about/index.html.erb within layouts/application (Duration: 0.2ms | Allocations: 156)
  Rendered layout layouts/application.html.erb (Duration: 10.7ms | Allocations: 20139)
Completed 200 OK in 12ms (Views: 11.7ms | ActiveRecord: 0.0ms | Allocations: 21046)


Started GET "/" for 127.0.0.1 at 2026-03-26 17:29:58 -0300
Processing by AboutController#index as HTML
  Rendering layout layouts/application.html.erb
  Rendering about/index.html.erb within layouts/application
  Rendered about/index.html.erb within layouts/application (Duration: 0.0ms | Allocations: 7)
  Rendered layout layouts/application.html.erb (Duration: 1.9ms | Allocations: 1267)
Completed 200 OK in 3ms (Views: 2.3ms | ActiveRecord: 0.0ms | Allocations: 1507)


